C:\USERS\DOLOR\DESKTOP\COMPUTER-GRAPHICS\COMPUTER-GRAPHICS\MYHOMEWORK\DEBUG\3DTEXTURE.OBJ
C:\USERS\DOLOR\DESKTOP\COMPUTER-GRAPHICS\COMPUTER-GRAPHICS\MYHOMEWORK\DEBUG\AIRPLANE.OBJ
C:\USERS\DOLOR\DESKTOP\COMPUTER-GRAPHICS\COMPUTER-GRAPHICS\MYHOMEWORK\DEBUG\CAMERA.OBJ
C:\USERS\DOLOR\DESKTOP\COMPUTER-GRAPHICS\COMPUTER-GRAPHICS\MYHOMEWORK\DEBUG\MANAGER.OBJ
C:\USERS\DOLOR\DESKTOP\COMPUTER-GRAPHICS\COMPUTER-GRAPHICS\MYHOMEWORK\DEBUG\MODEL_3DS.OBJ
C:\USERS\DOLOR\DESKTOP\COMPUTER-GRAPHICS\COMPUTER-GRAPHICS\MYHOMEWORK\DEBUG\ROOF.OBJ
C:\USERS\DOLOR\DESKTOP\COMPUTER-GRAPHICS\COMPUTER-GRAPHICS\MYHOMEWORK\DEBUG\SOURCE.OBJ
C:\USERS\DOLOR\DESKTOP\COMPUTER-GRAPHICS\COMPUTER-GRAPHICS\MYHOMEWORK\DEBUG\ROOM.OBJ
C:\USERS\DOLOR\DESKTOP\COMPUTER-GRAPHICS\COMPUTER-GRAPHICS\MYHOMEWORK\DEBUG\TEXTURE.OBJ
C:\USERS\DOLOR\DESKTOP\COMPUTER-GRAPHICS\COMPUTER-GRAPHICS\MYHOMEWORK\DEBUG\TOOLS.OBJ
C:\USERS\DOLOR\DESKTOP\COMPUTER-GRAPHICS\COMPUTER-GRAPHICS\MYHOMEWORK\DEBUG\VC110.PDB
C:\USERS\DOLOR\DESKTOP\COMPUTER-GRAPHICS\COMPUTER-GRAPHICS\MYHOMEWORK\DEBUG\AIRCRAFT.OBJ
C:\USERS\DOLOR\DESKTOP\COMPUTER-GRAPHICS\COMPUTER-GRAPHICS\MYHOMEWORK\DEBUG\NORMALBUILD.OBJ
C:\USERS\DOLOR\DESKTOP\COMPUTER-GRAPHICS\COMPUTER-GRAPHICS\DEBUG\MYHOMEWORK.ILK
C:\USERS\DOLOR\DESKTOP\COMPUTER-GRAPHICS\COMPUTER-GRAPHICS\DEBUG\MYHOMEWORK.EXE
C:\USERS\DOLOR\DESKTOP\COMPUTER-GRAPHICS\COMPUTER-GRAPHICS\DEBUG\MYHOMEWORK.PDB
C:\Users\dolor\Desktop\Computer-Graphics\Computer-Graphics\MyHomework\Debug\3DTexture.obj
C:\Users\dolor\Desktop\Computer-Graphics\Computer-Graphics\MyHomework\Debug\AirCraft.obj
C:\Users\dolor\Desktop\Computer-Graphics\Computer-Graphics\MyHomework\Debug\Airplane.obj
C:\Users\dolor\Desktop\Computer-Graphics\Computer-Graphics\MyHomework\Debug\camera.obj
C:\Users\dolor\Desktop\Computer-Graphics\Computer-Graphics\MyHomework\Debug\Manager.obj
C:\Users\dolor\Desktop\Computer-Graphics\Computer-Graphics\MyHomework\Debug\Model_3DS.obj
C:\Users\dolor\Desktop\Computer-Graphics\Computer-Graphics\MyHomework\Debug\NormalBuild.obj
C:\Users\dolor\Desktop\Computer-Graphics\Computer-Graphics\MyHomework\Debug\Roof.obj
C:\Users\dolor\Desktop\Computer-Graphics\Computer-Graphics\MyHomework\Debug\room.obj
C:\Users\dolor\Desktop\Computer-Graphics\Computer-Graphics\MyHomework\Debug\texture.obj
C:\Users\dolor\Desktop\Computer-Graphics\Computer-Graphics\MyHomework\Debug\tools.obj
C:\Users\dolor\Desktop\Computer-Graphics\Computer-Graphics\MyHomework\Debug\cl.command.1.tlog
C:\Users\dolor\Desktop\Computer-Graphics\Computer-Graphics\MyHomework\Debug\CL.read.1.tlog
C:\Users\dolor\Desktop\Computer-Graphics\Computer-Graphics\MyHomework\Debug\CL.write.1.tlog
C:\Users\dolor\Desktop\Computer-Graphics\Computer-Graphics\MyHomework\Debug\link-cvtres.read.1.tlog
C:\Users\dolor\Desktop\Computer-Graphics\Computer-Graphics\MyHomework\Debug\link-cvtres.write.1.tlog
C:\Users\dolor\Desktop\Computer-Graphics\Computer-Graphics\MyHomework\Debug\link-rc.read.1.tlog
C:\Users\dolor\Desktop\Computer-Graphics\Computer-Graphics\MyHomework\Debug\link-rc.write.1.tlog
C:\Users\dolor\Desktop\Computer-Graphics\Computer-Graphics\MyHomework\Debug\link.31820-cvtres.read.1.tlog
C:\Users\dolor\Desktop\Computer-Graphics\Computer-Graphics\MyHomework\Debug\link.31820-cvtres.write.1.tlog
C:\Users\dolor\Desktop\Computer-Graphics\Computer-Graphics\MyHomework\Debug\link.31820-rc.read.1.tlog
C:\Users\dolor\Desktop\Computer-Graphics\Computer-Graphics\MyHomework\Debug\link.31820-rc.write.1.tlog
C:\Users\dolor\Desktop\Computer-Graphics\Computer-Graphics\MyHomework\Debug\link.31820.read.1.tlog
C:\Users\dolor\Desktop\Computer-Graphics\Computer-Graphics\MyHomework\Debug\link.31820.write.1.tlog
C:\Users\dolor\Desktop\Computer-Graphics\Computer-Graphics\MyHomework\Debug\link.31884-cvtres.read.1.tlog
C:\Users\dolor\Desktop\Computer-Graphics\Computer-Graphics\MyHomework\Debug\link.31884-cvtres.write.1.tlog
C:\Users\dolor\Desktop\Computer-Graphics\Computer-Graphics\MyHomework\Debug\link.31884-rc.read.1.tlog
C:\Users\dolor\Desktop\Computer-Graphics\Computer-Graphics\MyHomework\Debug\link.31884-rc.write.1.tlog
C:\Users\dolor\Desktop\Computer-Graphics\Computer-Graphics\MyHomework\Debug\link.31884.read.1.tlog
C:\Users\dolor\Desktop\Computer-Graphics\Computer-Graphics\MyHomework\Debug\link.31884.read.2.tlog
C:\Users\dolor\Desktop\Computer-Graphics\Computer-Graphics\MyHomework\Debug\link.31884.write.1.tlog
C:\Users\dolor\Desktop\Computer-Graphics\Computer-Graphics\MyHomework\Debug\link.command.1.tlog
C:\Users\dolor\Desktop\Computer-Graphics\Computer-Graphics\MyHomework\Debug\link.read.1.tlog
C:\Users\dolor\Desktop\Computer-Graphics\Computer-Graphics\MyHomework\Debug\link.read.2.tlog
C:\Users\dolor\Desktop\Computer-Graphics\Computer-Graphics\MyHomework\Debug\link.write.1.tlog
C:\Users\dolor\Desktop\Computer-Graphics\Computer-Graphics\MyHomework\Debug\vc110.idb
C:\Users\dolor\Desktop\Computer-Graphics\Computer-Graphics\MyHomework\Debug\vc110.pdb
C:\Users\dolor\Desktop\Computer-Graphics\Computer-Graphics\Debug\MyHomework.pdb
C:\Users\dolor\Desktop\Computer-Graphics\Computer-Graphics\Debug\MyHomework.exe
C:\Users\dolor\Desktop\Computer-Graphics\Computer-Graphics\Debug\MyHomework.ilk
