Build started 12/25/2020 2:59:27 PM.
     1>Project "C:\Users\dolor\Desktop\Computer-Graphics\Computer-Graphics\MyHomework\MyHomework.vcxproj" on node 2 (Build target(s)).
     1>ClCompile:
         C:\Program Files (x86)\Microsoft Visual Studio 11.0\VC\bin\CL.exe /c /I"C:\Users\ayham\Desktop\New folder\Computer-Graphics\includeSound" /ZI /nologo /W3 /WX- /Od /Oy- /D _MBCS /Gm /EHsc /RTC1 /MDd /GS /fp:precise /Zc:wchar_t /Zc:forScope /Fo"Debug\\" /Fd"Debug\vc110.pdb" /Gd /TP /analyze- /errorReport:prompt Source.cpp
         Source.cpp
     1>c:\users\dolor\desktop\computer-graphics\computer-graphics\myhomework\source.cpp(434): warning C4101: 'normal' : unreferenced local variable
       Link:
         C:\Program Files (x86)\Microsoft Visual Studio 11.0\VC\bin\link.exe /ERRORREPORT:PROMPT /OUT:"C:\Users\dolor\Desktop\Computer-Graphics\Computer-Graphics\Debug\MyHomework.exe" /INCREMENTAL /NOLOGO /LIBPATH:"C:\Users\ayham\Desktop\New folder\Computer-Graphics\libSound" GLAUX.lib GLU32.lib glut.lib OPENGL32.lib glut32.lib "soil2-debug.lib" irrKlang.lib kernel32.lib user32.lib gdi32.lib winspool.lib comdlg32.lib advapi32.lib shell32.lib ole32.lib oleaut32.lib uuid.lib odbc32.lib odbccp32.lib /MANIFEST /MANIFESTUAC:"level='asInvoker' uiAccess='false'" /manifest:embed /DEBUG /PDB:"C:\Users\dolor\Desktop\Computer-Graphics\Computer-Graphics\Debug\MyHomework.pdb" /TLBID:1 /DYNAMICBASE /NXCOMPAT /IMPLIB:"C:\Users\dolor\Desktop\Computer-Graphics\Computer-Graphics\Debug\MyHomework.lib" /MACHINE:X86 Debug\3DTexture.obj
         Debug\AirCraft.obj
         Debug\camera.obj
         Debug\Manager.obj
         Debug\Model_3DS.obj
         Debug\ClosedBuilding.obj
         Debug\Roof.obj
         Debug\Source.obj
         Debug\room.obj
         Debug\texture.obj
         Debug\tools.obj
     1>soil2-debug.lib(image_DXT.obj) : warning LNK4099: PDB 'soil2-debug.pdb' was not found with 'soil2-debug.lib(image_DXT.obj)' or at 'C:\Users\dolor\Desktop\Computer-Graphics\Computer-Graphics\Debug\soil2-debug.pdb'; linking object as if no debug info
     1>soil2-debug.lib(image_helper.obj) : warning LNK4099: PDB 'soil2-debug.pdb' was not found with 'soil2-debug.lib(image_helper.obj)' or at 'C:\Users\dolor\Desktop\Computer-Graphics\Computer-Graphics\Debug\soil2-debug.pdb'; linking object as if no debug info
     1>soil2-debug.lib(SOIL2.obj) : warning LNK4099: PDB 'soil2-debug.pdb' was not found with 'soil2-debug.lib(SOIL2.obj)' or at 'C:\Users\dolor\Desktop\Computer-Graphics\Computer-Graphics\Debug\soil2-debug.pdb'; linking object as if no debug info
     1>soil2-debug.lib(wfETC.obj) : warning LNK4099: PDB 'soil2-debug.pdb' was not found with 'soil2-debug.lib(wfETC.obj)' or at 'C:\Users\dolor\Desktop\Computer-Graphics\Computer-Graphics\Debug\soil2-debug.pdb'; linking object as if no debug info
         MyHomework.vcxproj -> C:\Users\dolor\Desktop\Computer-Graphics\Computer-Graphics\Debug\MyHomework.exe
     1>Done Building Project "C:\Users\dolor\Desktop\Computer-Graphics\Computer-Graphics\MyHomework\MyHomework.vcxproj" (Build target(s)).

Build succeeded.

Time Elapsed 00:00:03.08
